f:\c++练习\vs_c++\school_map\school_map\x64\debug\vc142.pdb
f:\c++练习\vs_c++\school_map\school_map\x64\debug\vc142.idb
f:\c++练习\vs_c++\school_map\school_map\x64\debug\school_map.obj
f:\c++练习\vs_c++\school_map\school_map\x64\debug\graph.obj
f:\c++练习\vs_c++\school_map\x64\debug\school_map.exe
f:\c++练习\vs_c++\school_map\x64\debug\school_map.ilk
f:\c++练习\vs_c++\school_map\x64\debug\school_map.pdb
f:\c++学习\vs_c++\school_map\school_map\x64\debug\graph.obj
f:\c++学习\vs_c++\school_map\school_map\x64\debug\school_map.obj
f:\c++学习\vs_c++\school_map\school_map\x64\debug\vc142.idb
f:\c++学习\vs_c++\school_map\school_map\x64\debug\vc142.pdb
f:\c++学习\vs_c++\school_map\x64\debug\school_map.pdb
f:\c++学习\vs_c++\school_map\x64\debug\school_map.exe
f:\c++学习\vs_c++\school_map\x64\debug\school_map.ilk
f:\c++学习\vs_c++\school_map\school_map\x64\debug\school_map.tlog\cl.command.1.tlog
f:\c++学习\vs_c++\school_map\school_map\x64\debug\school_map.tlog\cl.read.1.tlog
f:\c++学习\vs_c++\school_map\school_map\x64\debug\school_map.tlog\cl.write.1.tlog
f:\c++学习\vs_c++\school_map\school_map\x64\debug\school_map.tlog\link.command.1.tlog
f:\c++学习\vs_c++\school_map\school_map\x64\debug\school_map.tlog\link.read.1.tlog
f:\c++学习\vs_c++\school_map\school_map\x64\debug\school_map.tlog\link.write.1.tlog
